2024-07-01 01:28:49,193 - INFO - Starting new round of checks...
2024-07-01 01:28:50,352 - INFO - https://www.google.com is up. Content matched. Response time: 1.16 seconds.
2024-07-01 01:28:51,303 - INFO - https://www.wikipedia.org is up. Content matched. Response time: 0.95 seconds.
2024-07-01 01:28:52,950 - WARNING - https://www.github.com is up. Content did not match. Response time: 1.64 seconds.
2024-07-01 01:28:53,208 - WARNING - https://www.python.org is up. Content did not match. Response time: 0.26 seconds.
2024-07-01 01:28:54,721 - INFO - https://www.reddit.com is up. Content matched. Response time: 1.51 seconds.
2024-07-01 01:28:55,983 - INFO - https://www.example.com is up. Content matched. Response time: 1.26 seconds.
2024-07-01 01:28:55,983 - INFO - Sleeping for 60 seconds before next check.
2024-07-01 01:29:56,035 - INFO - Starting new round of checks...
2024-07-01 01:29:56,699 - INFO - https://www.google.com is up. Content matched. Response time: 0.66 seconds.
2024-07-01 01:29:57,080 - INFO - https://www.wikipedia.org is up. Content matched. Response time: 0.38 seconds.
2024-07-01 01:29:57,876 - WARNING - https://www.github.com is up. Content did not match. Response time: 0.79 seconds.
2024-07-01 01:29:58,259 - WARNING - https://www.python.org is up. Content did not match. Response time: 0.38 seconds.
2024-07-01 01:29:59,298 - INFO - https://www.reddit.com is up. Content matched. Response time: 1.04 seconds.
2024-07-01 01:30:01,178 - INFO - https://www.example.com is up. Content matched. Response time: 1.88 seconds.
2024-07-01 01:30:01,178 - INFO - Sleeping for 60 seconds before next check.
2024-07-01 01:31:01,230 - INFO - Starting new round of checks...
2024-07-01 01:31:02,151 - INFO - https://www.google.com is up. Content matched. Response time: 0.92 seconds.
2024-07-01 01:31:02,718 - INFO - https://www.wikipedia.org is up. Content matched. Response time: 0.57 seconds.
2024-07-01 01:31:03,212 - WARNING - https://www.github.com is up. Content did not match. Response time: 0.49 seconds.
2024-07-01 01:31:03,554 - WARNING - https://www.python.org is up. Content did not match. Response time: 0.34 seconds.
2024-07-01 01:31:04,660 - INFO - https://www.reddit.com is up. Content matched. Response time: 1.10 seconds.
2024-07-01 01:31:05,623 - INFO - https://www.example.com is up. Content matched. Response time: 0.96 seconds.
2024-07-01 01:31:05,623 - INFO - Sleeping for 60 seconds before next check.
2024-07-01 01:32:05,684 - INFO - Starting new round of checks...
2024-07-01 01:32:06,869 - INFO - https://www.google.com is up. Content matched. Response time: 1.18 seconds.
2024-07-01 01:32:07,439 - INFO - https://www.wikipedia.org is up. Content matched. Response time: 0.57 seconds.
2024-07-01 01:32:08,380 - WARNING - https://www.github.com is up. Content did not match. Response time: 0.94 seconds.
2024-07-01 01:32:08,701 - WARNING - https://www.python.org is up. Content did not match. Response time: 0.32 seconds.
2024-07-01 01:32:11,054 - INFO - https://www.reddit.com is up. Content matched. Response time: 2.35 seconds.
2024-07-01 01:32:12,500 - INFO - https://www.example.com is up. Content matched. Response time: 1.44 seconds.
2024-07-01 01:32:12,500 - INFO - Sleeping for 60 seconds before next check.
2024-07-01 01:33:12,557 - INFO - Starting new round of checks...
2024-07-01 01:33:13,433 - INFO - https://www.google.com is up. Content matched. Response time: 0.88 seconds.
2024-07-01 01:33:14,557 - INFO - https://www.wikipedia.org is up. Content matched. Response time: 1.12 seconds.
2024-07-01 01:33:15,561 - WARNING - https://www.github.com is up. Content did not match. Response time: 1.00 seconds.
2024-07-01 01:33:15,854 - WARNING - https://www.python.org is up. Content did not match. Response time: 0.29 seconds.
2024-07-01 01:33:17,182 - INFO - https://www.reddit.com is up. Content matched. Response time: 1.32 seconds.
2024-07-01 01:33:18,654 - INFO - https://www.example.com is up. Content matched. Response time: 1.47 seconds.
2024-07-01 01:33:18,654 - INFO - Sleeping for 60 seconds before next check.
2024-07-01 01:34:18,710 - INFO - Starting new round of checks...
2024-07-01 01:34:20,097 - INFO - https://www.google.com is up. Content matched. Response time: 1.39 seconds.
2024-07-01 01:34:20,698 - INFO - https://www.wikipedia.org is up. Content matched. Response time: 0.60 seconds.
2024-07-01 01:34:21,612 - WARNING - https://www.github.com is up. Content did not match. Response time: 0.91 seconds.
2024-07-01 01:34:22,246 - WARNING - https://www.python.org is up. Content did not match. Response time: 0.63 seconds.
2024-07-01 01:34:23,937 - INFO - https://www.reddit.com is up. Content matched. Response time: 1.69 seconds.
2024-07-01 01:34:26,239 - INFO - https://www.example.com is up. Content matched. Response time: 2.30 seconds.
2024-07-01 01:34:26,243 - INFO - Sleeping for 60 seconds before next check.
2024-07-01 01:35:26,304 - INFO - Starting new round of checks...
